Arguments: 
  /Users/ereshidov/.nvm/versions/node/v19.6.1/bin/node /opt/homebrew/bin/yarn install

PATH: 
  /Users/ereshidov/.nvm/versions/node/v19.6.1/bin:/Users/ereshidov/.rbenv/shims:/opt/homebrew/opt/mongodb-community@4.4/bin:/opt/homebrew/opt/node@14/bin:/opt/homebrew/bin:/opt/homebrew/sbin:/usr/local/bin:/System/Cryptexes/App/usr/bin:/usr/bin:/bin:/usr/sbin:/sbin:/Library/Apple/usr/bin:/Users/ereshidov/Library/Android/sdk/emulator:/Users/ereshidov/Library/Android/sdk/platform-tools

Yarn version: 
  1.22.19

Node version: 
  19.6.1

Platform: 
  darwin x64

Trace: 
  SyntaxError: /Users/ereshidov/edu/codenames/package.json: Expected double-quoted property name in JSON at position 319
      at JSON.parse (<anonymous>)
      at /opt/homebrew/lib/node_modules/yarn/lib/cli.js:1629:59
      at Generator.next (<anonymous>)
      at step (/opt/homebrew/lib/node_modules/yarn/lib/cli.js:310:30)
      at /opt/homebrew/lib/node_modules/yarn/lib/cli.js:321:13

npm manifest: 
  {
    "name": "codenames",
    "version": "1.0.0",
    "main": "index.js",
    "repository": "git@github.com:ereshidov/codenames.git",
    "author": "ereshidov <newfaceof@ya.ru>",
    "license": "MIT",
    "devDependencies": {
      "husky": "^8.0.3",
      "lint-staged": "^13.2.1"
    },
    "scripts": {
      "prepare": "husky install",
    }
  }

yarn manifest: 
  No manifest

Lockfile: 
  # THIS IS AN AUTOGENERATED FILE. DO NOT EDIT THIS FILE DIRECTLY.
  # yarn lockfile v1
  
  
  husky@^8.0.3:
    version "8.0.3"
    resolved "https://registry.yarnpkg.com/husky/-/husky-8.0.3.tgz#4936d7212e46d1dea28fef29bb3a108872cd9184"
    integrity sha512-+dQSyqPh4x1hlO1swXBiNb2HzTDN1I2IGLQx1GrBuiqFJfoMrnZWwVmatvSiO+Iz8fBUnf+lekwNo4c2LlXItg==
